\BOOKMARK [0][-]{chapter.1}{\376\377\0001\000\040\000N\000a\000m\000e\000s\000p\000a\000c\000e\000\040\000I\000n\000d\000e\000x}{}% 1
\BOOKMARK [1][-]{section.1.1}{\376\377\0001\000.\0001\000\040\000N\000a\000m\000e\000s\000p\000a\000c\000e\000\040\000L\000i\000s\000t}{chapter.1}% 2
\BOOKMARK [0][-]{chapter.2}{\376\377\0002\000\040\000C\000l\000a\000s\000s\000\040\000I\000n\000d\000e\000x}{}% 3
\BOOKMARK [1][-]{section.2.1}{\376\377\0002\000.\0001\000\040\000C\000l\000a\000s\000s\000\040\000L\000i\000s\000t}{chapter.2}% 4
\BOOKMARK [0][-]{chapter.3}{\376\377\0003\000\040\000F\000i\000l\000e\000\040\000I\000n\000d\000e\000x}{}% 5
\BOOKMARK [1][-]{section.3.1}{\376\377\0003\000.\0001\000\040\000F\000i\000l\000e\000\040\000L\000i\000s\000t}{chapter.3}% 6
\BOOKMARK [0][-]{chapter.4}{\376\377\0004\000\040\000N\000a\000m\000e\000s\000p\000a\000c\000e\000\040\000D\000o\000c\000u\000m\000e\000n\000t\000a\000t\000i\000o\000n}{}% 7
\BOOKMARK [1][-]{section.4.1}{\376\377\0004\000.\0001\000\040\000R\000o\000u\000l\000e\000t\000t\000e\000\040\000N\000a\000m\000e\000s\000p\000a\000c\000e\000\040\000R\000e\000f\000e\000r\000e\000n\000c\000e}{chapter.4}% 8
\BOOKMARK [0][-]{chapter.5}{\376\377\0005\000\040\000C\000l\000a\000s\000s\000\040\000D\000o\000c\000u\000m\000e\000n\000t\000a\000t\000i\000o\000n}{}% 9
\BOOKMARK [1][-]{section.5.1}{\376\377\0005\000.\0001\000\040\000R\000o\000u\000l\000e\000t\000t\000e\000:\000:\000S\000p\000i\000e\000l\000\040\000C\000l\000a\000s\000s\000\040\000R\000e\000f\000e\000r\000e\000n\000c\000e}{chapter.5}% 10
\BOOKMARK [2][-]{subsection.5.1.1}{\376\377\0005\000.\0001\000.\0001\000\040\000D\000e\000t\000a\000i\000l\000e\000d\000\040\000D\000e\000s\000c\000r\000i\000p\000t\000i\000o\000n}{section.5.1}% 11
\BOOKMARK [2][-]{subsection.5.1.2}{\376\377\0005\000.\0001\000.\0002\000\040\000C\000o\000n\000s\000t\000r\000u\000c\000t\000o\000r\000\040\000\046\000\040\000D\000e\000s\000t\000r\000u\000c\000t\000o\000r\000\040\000D\000o\000c\000u\000m\000e\000n\000t\000a\000t\000i\000o\000n}{section.5.1}% 12
\BOOKMARK [3][-]{subsubsection.5.1.2.1}{\376\377\0005\000.\0001\000.\0002\000.\0001\000\040\000S\000p\000i\000e\000l\000\050\000\051}{subsection.5.1.2}% 13
\BOOKMARK [2][-]{subsection.5.1.3}{\376\377\0005\000.\0001\000.\0003\000\040\000M\000e\000m\000b\000e\000r\000\040\000F\000u\000n\000c\000t\000i\000o\000n\000\040\000D\000o\000c\000u\000m\000e\000n\000t\000a\000t\000i\000o\000n}{section.5.1}% 14
\BOOKMARK [3][-]{subsubsection.5.1.3.1}{\376\377\0005\000.\0001\000.\0003\000.\0001\000\040\000b\000e\000s\000t\000e\000n\000l\000i\000s\000t\000e\000\137\000r\000e\000t\000u\000r\000n\000\050\000\051}{subsection.5.1.3}% 15
\BOOKMARK [3][-]{subsubsection.5.1.3.2}{\376\377\0005\000.\0001\000.\0003\000.\0002\000\040\000e\000x\000i\000s\000t\000i\000e\000r\000t\000\137\000l\000o\000b\000b\000y\000\050\000\051}{subsection.5.1.3}% 16
\BOOKMARK [3][-]{subsubsection.5.1.3.3}{\376\377\0005\000.\0001\000.\0003\000.\0003\000\040\000f\000a\000r\000b\000e\000\137\000z\000u\000\137\000z\000a\000h\000l\000\050\000\051}{subsection.5.1.3}% 17
\BOOKMARK [3][-]{subsubsection.5.1.3.4}{\376\377\0005\000.\0001\000.\0003\000.\0004\000\040\000g\000e\000t\000\137\000l\000o\000b\000b\000y\000\050\000\051}{subsection.5.1.3}% 18
\BOOKMARK [3][-]{subsubsection.5.1.3.5}{\376\377\0005\000.\0001\000.\0003\000.\0005\000\040\000g\000e\000t\000\137\000s\000p\000i\000e\000l\000\137\000n\000r\000\050\000\051}{subsection.5.1.3}% 19
\BOOKMARK [3][-]{subsubsection.5.1.3.6}{\376\377\0005\000.\0001\000.\0003\000.\0006\000\040\000g\000u\000t\000h\000a\000b\000e\000n\000\050\000\051}{subsection.5.1.3}% 20
\BOOKMARK [3][-]{subsubsection.5.1.3.7}{\376\377\0005\000.\0001\000.\0003\000.\0007\000\040\000l\000o\000b\000b\000y\000\137\000b\000e\000i\000t\000r\000e\000t\000e\000n\000\050\000\051\000\040\000[\0001\000/\0002\000]}{subsection.5.1.3}% 21
\BOOKMARK [3][-]{subsubsection.5.1.3.8}{\376\377\0005\000.\0001\000.\0003\000.\0008\000\040\000l\000o\000b\000b\000y\000\137\000b\000e\000i\000t\000r\000e\000t\000e\000n\000\050\000\051\000\040\000[\0002\000/\0002\000]}{subsection.5.1.3}% 22
\BOOKMARK [3][-]{subsubsection.5.1.3.9}{\376\377\0005\000.\0001\000.\0003\000.\0009\000\040\000l\000o\000b\000b\000y\000\137\000e\000r\000s\000t\000e\000l\000l\000e\000n\000\050\000\051}{subsection.5.1.3}% 23
\BOOKMARK [3][-]{subsubsection.5.1.3.10}{\376\377\0005\000.\0001\000.\0003\000.\0001\0000\000\040\000l\000o\000b\000b\000y\000\137\000l\000o\000e\000s\000c\000h\000e\000n\000\050\000\051}{subsection.5.1.3}% 24
\BOOKMARK [3][-]{subsubsection.5.1.3.11}{\376\377\0005\000.\0001\000.\0003\000.\0001\0001\000\040\000l\000o\000b\000b\000y\000\137\000m\000i\000t\000g\000l\000i\000e\000d\000e\000r\000\050\000\051}{subsection.5.1.3}% 25
\BOOKMARK [3][-]{subsubsection.5.1.3.12}{\376\377\0005\000.\0001\000.\0003\000.\0001\0002\000\040\000l\000o\000b\000b\000y\000s\000\137\000a\000n\000z\000e\000i\000g\000e\000n\000\050\000\051}{subsection.5.1.3}% 26
\BOOKMARK [3][-]{subsubsection.5.1.3.13}{\376\377\0005\000.\0001\000.\0003\000.\0001\0003\000\040\000l\000o\000b\000b\000y\000s\000\137\000a\000n\000z\000e\000i\000g\000e\000n\000\137\000c\000l\000i\000e\000n\000t\000\050\000\051}{subsection.5.1.3}% 27
\BOOKMARK [3][-]{subsubsection.5.1.3.14}{\376\377\0005\000.\0001\000.\0003\000.\0001\0004\000\040\000m\000i\000t\000s\000p\000i\000e\000l\000e\000r\000\137\000a\000n\000z\000\050\000\051}{subsection.5.1.3}% 28
\BOOKMARK [3][-]{subsubsection.5.1.3.15}{\376\377\0005\000.\0001\000.\0003\000.\0001\0005\000\040\000r\000u\000n\000d\000e\000\137\000e\000i\000n\000e\000r\000\137\000l\000o\000b\000b\000y\000\050\000\051}{subsection.5.1.3}% 29
\BOOKMARK [3][-]{subsubsection.5.1.3.16}{\376\377\0005\000.\0001\000.\0003\000.\0001\0006\000\040\000s\000p\000i\000e\000l\000\137\000b\000e\000g\000i\000n\000n\000e\000n\000\050\000\051}{subsection.5.1.3}% 30
\BOOKMARK [3][-]{subsubsection.5.1.3.17}{\376\377\0005\000.\0001\000.\0003\000.\0001\0007\000\040\000s\000p\000i\000e\000l\000\137\000g\000e\000s\000t\000a\000r\000t\000e\000t\000\050\000\051}{subsection.5.1.3}% 31
\BOOKMARK [3][-]{subsubsection.5.1.3.18}{\376\377\0005\000.\0001\000.\0003\000.\0001\0008\000\040\000s\000p\000i\000e\000l\000e\000n\000\050\000\051}{subsection.5.1.3}% 32
\BOOKMARK [3][-]{subsubsection.5.1.3.19}{\376\377\0005\000.\0001\000.\0003\000.\0001\0009\000\040\000w\000e\000t\000t\000e\000n\000\050\000\051}{subsection.5.1.3}% 33
\BOOKMARK [3][-]{subsubsection.5.1.3.20}{\376\377\0005\000.\0001\000.\0003\000.\0002\0000\000\040\000w\000e\000t\000t\000e\000n\000\137\000i\000m\000\137\000c\000l\000i\000e\000n\000t\000\137\000a\000n\000z\000e\000i\000g\000e\000n\000\050\000\051}{subsection.5.1.3}% 34
\BOOKMARK [3][-]{subsubsection.5.1.3.21}{\376\377\0005\000.\0001\000.\0003\000.\0002\0001\000\040\000w\000e\000t\000t\000e\000n\000\137\000p\000l\000\050\000\051}{subsection.5.1.3}% 35
\BOOKMARK [3][-]{subsubsection.5.1.3.22}{\376\377\0005\000.\0001\000.\0003\000.\0002\0002\000\040\000z\000a\000h\000l\000\137\000d\000e\000r\000\137\000l\000o\000b\000b\000y\000\050\000\051}{subsection.5.1.3}% 36
\BOOKMARK [2][-]{subsection.5.1.4}{\376\377\0005\000.\0001\000.\0004\000\040\000M\000e\000m\000b\000e\000r\000\040\000D\000a\000t\000a\000\040\000D\000o\000c\000u\000m\000e\000n\000t\000a\000t\000i\000o\000n}{section.5.1}% 37
\BOOKMARK [3][-]{subsubsection.5.1.4.1}{\376\377\0005\000.\0001\000.\0004\000.\0001\000\040\000l\000o\000b\000b\000y\000s}{subsection.5.1.4}% 38
\BOOKMARK [3][-]{subsubsection.5.1.4.2}{\376\377\0005\000.\0001\000.\0004\000.\0002\000\040\000r\000u\000n\000d\000e\000n}{subsection.5.1.4}% 39
\BOOKMARK [3][-]{subsubsection.5.1.4.3}{\376\377\0005\000.\0001\000.\0004\000.\0003\000\040\000s\000p\000i\000e\000l\000\137\000n\000r}{subsection.5.1.4}% 40
\BOOKMARK [0][-]{chapter.6}{\376\377\0006\000\040\000F\000i\000l\000e\000\040\000D\000o\000c\000u\000m\000e\000n\000t\000a\000t\000i\000o\000n}{}% 41
\BOOKMARK [1][-]{section.6.1}{\376\377\0006\000.\0001\000\040\000r\000o\000u\000l\000e\000t\000t\000e\000/\000s\000p\000i\000e\000l\000.\000h\000p\000p\000\040\000F\000i\000l\000e\000\040\000R\000e\000f\000e\000r\000e\000n\000c\000e}{chapter.6}% 42
\BOOKMARK [2][-]{subsection.6.1.1}{\376\377\0006\000.\0001\000.\0001\000\040\000D\000e\000t\000a\000i\000l\000e\000d\000\040\000D\000e\000s\000c\000r\000i\000p\000t\000i\000o\000n}{section.6.1}% 43
\BOOKMARK [0][-]{section*.7}{\376\377\000I\000n\000d\000e\000x}{}% 44
